<?xml version="1.0" encoding="UTF-8"?>
<testng-results skipped="0" failed="1" ignored="0" total="1" passed="0">
  <reporter-output>
  </reporter-output>
  <suite name="Default suite" duration-ms="40169" started-at="2018-12-31T06:02:27Z" finished-at="2018-12-31T06:03:07Z">
    <groups>
    </groups>
    <test name="Default test" duration-ms="40169" started-at="2018-12-31T06:02:27Z" finished-at="2018-12-31T06:03:07Z">
      <class name="suitecrm.SuiteCRMTests">
        <test-method status="PASS" signature="setUp()[pri:0, instance:suitecrm.SuiteCRMTests@6a4f787b]" name="setUp" is-config="true" duration-ms="7981" started-at="2018-12-31T06:02:27Z" finished-at="2018-12-31T06:02:35Z">
          <reporter-output>
          </reporter-output>
        </test-method> <!-- setUp -->
        <test-method status="PASS" signature="navigate()[pri:0, instance:suitecrm.SuiteCRMTests@6a4f787b]" name="navigate" is-config="true" duration-ms="21278" started-at="2018-12-31T06:02:35Z" finished-at="2018-12-31T06:02:56Z">
          <reporter-output>
          </reporter-output>
        </test-method> <!-- navigate -->
        <test-method status="FAIL" signature="createTaskInSuiteCRM()[pri:0, instance:suitecrm.SuiteCRMTests@6a4f787b]" name="createTaskInSuiteCRM" duration-ms="10876" started-at="2018-12-31T06:02:56Z" finished-at="2018-12-31T06:03:07Z">
          <exception class="java.lang.NullPointerException">
            <full-stacktrace>
              <![CDATA[java.lang.NullPointerException
at sun.reflect.NativeMethodAccessorImpl.invoke0(Native Method)
at sun.reflect.NativeMethodAccessorImpl.invoke(Unknown Source)
at sun.reflect.DelegatingMethodAccessorImpl.invoke(Unknown Source)
at java.lang.reflect.Method.invoke(Unknown Source)
at org.openqa.selenium.support.pagefactory.internal.LocatingElementHandler.invoke(LocatingElementHandler.java:51)
at com.sun.proxy.$Proxy9.sendKeys(Unknown Source)
at suitecrmpages.SuiteCRMLoginPage.login(SuiteCRMLoginPage.java:23)
at suitecrm.SuiteCRMTests.createTaskInSuiteCRM(SuiteCRMTests.java:34)
at sun.reflect.NativeMethodAccessorImpl.invoke0(Native Method)
at sun.reflect.NativeMethodAccessorImpl.invoke(Unknown Source)
at sun.reflect.DelegatingMethodAccessorImpl.invoke(Unknown Source)
at java.lang.reflect.Method.invoke(Unknown Source)
at org.testng.internal.MethodInvocationHelper.invokeMethod(MethodInvocationHelper.java:124)
at org.testng.internal.Invoker.invokeMethod(Invoker.java:580)
at org.testng.internal.Invoker.invokeTestMethod(Invoker.java:716)
at org.testng.internal.Invoker.invokeTestMethods(Invoker.java:988)
at org.testng.internal.TestMethodWorker.invokeTestMethods(TestMethodWorker.java:125)
at org.testng.internal.TestMethodWorker.run(TestMethodWorker.java:109)
at org.testng.TestRunner.privateRun(TestRunner.java:648)
at org.testng.TestRunner.run(TestRunner.java:505)
at org.testng.SuiteRunner.runTest(SuiteRunner.java:455)
at org.testng.SuiteRunner.runSequentially(SuiteRunner.java:450)
at org.testng.SuiteRunner.privateRun(SuiteRunner.java:415)
at org.testng.SuiteRunner.run(SuiteRunner.java:364)
at org.testng.SuiteRunnerWorker.runSuite(SuiteRunnerWorker.java:52)
at org.testng.SuiteRunnerWorker.run(SuiteRunnerWorker.java:84)
at org.testng.TestNG.runSuitesSequentially(TestNG.java:1208)
at org.testng.TestNG.runSuitesLocally(TestNG.java:1137)
at org.testng.TestNG.runSuites(TestNG.java:1049)
at org.testng.TestNG.run(TestNG.java:1017)
at org.testng.remote.AbstractRemoteTestNG.run(AbstractRemoteTestNG.java:114)
at org.testng.remote.RemoteTestNG.initAndRun(RemoteTestNG.java:251)
at org.testng.remote.RemoteTestNG.main(RemoteTestNG.java:77)
]]>
            </full-stacktrace>
          </exception> <!-- java.lang.NullPointerException -->
          <reporter-output>
          </reporter-output>
        </test-method> <!-- createTaskInSuiteCRM -->
        <test-method status="PASS" signature="tearDown()[pri:0, instance:suitecrm.SuiteCRMTests@6a4f787b]" name="tearDown" is-config="true" duration-ms="0" started-at="2018-12-31T06:03:07Z" finished-at="2018-12-31T06:03:07Z">
          <reporter-output>
          </reporter-output>
        </test-method> <!-- tearDown -->
      </class> <!-- suitecrm.SuiteCRMTests -->
    </test> <!-- Default test -->
  </suite> <!-- Default suite -->
</testng-results>
