<?xml version="1.0" encoding="UTF-8"?>
<testng-results skipped="0" failed="0" ignored="0" total="1" passed="1">
  <reporter-output>
  </reporter-output>
  <suite name="Default suite" duration-ms="20993" started-at="2019-01-03T02:35:56Z" finished-at="2019-01-03T02:36:17Z">
    <groups>
    </groups>
    <test name="Default test" duration-ms="20993" started-at="2019-01-03T02:35:56Z" finished-at="2019-01-03T02:36:17Z">
      <class name="com.erk.tests.LoginTests">
        <test-method status="PASS" signature="setUp()[pri:0, instance:com.erk.tests.LoginTests@5e5792a0]" name="setUp" is-config="true" duration-ms="6040" started-at="2019-01-03T02:35:56Z" finished-at="2019-01-03T02:36:02Z">
          <reporter-output>
          </reporter-output>
        </test-method> <!-- setUp -->
        <test-method status="PASS" signature="pozitiveLoginScnerio()[pri:0, instance:com.erk.tests.LoginTests@5e5792a0]" name="pozitiveLoginScnerio" duration-ms="14175" started-at="2019-01-03T02:36:02Z" finished-at="2019-01-03T02:36:16Z">
          <reporter-output>
          </reporter-output>
        </test-method> <!-- pozitiveLoginScnerio -->
        <test-method status="PASS" signature="tearDown()[pri:0, instance:com.erk.tests.LoginTests@5e5792a0]" name="tearDown" is-config="true" duration-ms="752" started-at="2019-01-03T02:36:16Z" finished-at="2019-01-03T02:36:17Z">
          <reporter-output>
          </reporter-output>
        </test-method> <!-- tearDown -->
      </class> <!-- com.erk.tests.LoginTests -->
    </test> <!-- Default test -->
  </suite> <!-- Default suite -->
</testng-results>
