<?xml version="1.0" encoding="UTF-8"?>
<testng-results skipped="0" failed="0" ignored="0" total="1" passed="1">
  <reporter-output>
  </reporter-output>
  <suite name="Smoke" duration-ms="20937" started-at="2019-01-04T00:10:21Z" finished-at="2019-01-04T00:10:42Z">
    <groups>
    </groups>
    <test name="Automated tests" duration-ms="20937" started-at="2019-01-04T00:10:21Z" finished-at="2019-01-04T00:10:42Z">
      <class name="com.erk.tests.LoginTests">
        <test-method status="PASS" signature="setUp()[pri:0, instance:com.erk.tests.LoginTests@3b81a1bc]" name="setUp" is-config="true" duration-ms="6838" started-at="2019-01-04T00:10:21Z" finished-at="2019-01-04T00:10:28Z">
          <reporter-output>
          </reporter-output>
        </test-method> <!-- setUp -->
        <test-method status="PASS" signature="pozitiveLoginScnerio()[pri:0, instance:com.erk.tests.LoginTests@3b81a1bc]" name="pozitiveLoginScnerio" duration-ms="13448" started-at="2019-01-04T00:10:28Z" finished-at="2019-01-04T00:10:42Z">
          <reporter-output>
          </reporter-output>
        </test-method> <!-- pozitiveLoginScnerio -->
        <test-method status="PASS" signature="tearDown()[pri:0, instance:com.erk.tests.LoginTests@3b81a1bc]" name="tearDown" is-config="true" duration-ms="626" started-at="2019-01-04T00:10:42Z" finished-at="2019-01-04T00:10:42Z">
          <reporter-output>
          </reporter-output>
        </test-method> <!-- tearDown -->
      </class> <!-- com.erk.tests.LoginTests -->
    </test> <!-- Automated tests -->
  </suite> <!-- Smoke -->
</testng-results>
