<?xml version="1.0" encoding="UTF-8"?>
<testng-results skipped="0" failed="0" ignored="0" total="1" passed="1">
  <reporter-output>
  </reporter-output>
  <suite name="Default suite" duration-ms="6047" started-at="2018-12-30T04:38:22Z" finished-at="2018-12-30T04:38:28Z">
    <groups>
    </groups>
    <test name="Default test" duration-ms="6047" started-at="2018-12-30T04:38:22Z" finished-at="2018-12-30T04:38:28Z">
      <class name="testCases.Login">
        <test-method status="PASS" signature="setUp()[pri:0, instance:testCases.Login@6d4b1c02]" name="setUp" is-config="true" duration-ms="3587" started-at="2018-12-30T04:38:22Z" finished-at="2018-12-30T04:38:26Z">
          <reporter-output>
          </reporter-output>
        </test-method> <!-- setUp -->
        <test-method status="PASS" signature="verifyOrder()[pri:0, instance:testCases.Login@6d4b1c02]" name="verifyOrder" duration-ms="2442" started-at="2018-12-30T04:38:26Z" finished-at="2018-12-30T04:38:28Z">
          <reporter-output>
          </reporter-output>
        </test-method> <!-- verifyOrder -->
      </class> <!-- testCases.Login -->
    </test> <!-- Default test -->
  </suite> <!-- Default suite -->
</testng-results>
